<html>
<head>
<title>TestNG:  Default test</title>
<link href="../testng.css" rel="stylesheet" type="text/css" />
<link href="../my-testng.css" rel="stylesheet" type="text/css" />

<style type="text/css">
.log { display: none;} 
.stack-trace { display: none;} 
</style>
<script type="text/javascript">
<!--
function flip(e) {
  current = e.style.display;
  if (current == 'block') {
    e.style.display = 'none';
    return 0;
  }
  else {
    e.style.display = 'block';
    return 1;
  }
}

function toggleBox(szDivId, elem, msg1, msg2)
{
  var res = -1;  if (document.getElementById) {
    res = flip(document.getElementById(szDivId));
  }
  else if (document.all) {
    // this is the way old msie versions work
    res = flip(document.all[szDivId]);
  }
  if(elem) {
    if(res == 0) elem.innerHTML = msg1; else elem.innerHTML = msg2;
  }

}

function toggleAllBoxes() {
  if (document.getElementsByTagName) {
    d = document.getElementsByTagName('div');
    for (i = 0; i < d.length; i++) {
      if (d[i].className == 'log') {
        flip(d[i]);
      }
    }
  }
}

// -->
</script>

</head>
<body>
<h2 align='center'>Default test</h2><table border='1' align="center">
<tr>
<td>Tests passed/Failed/Skipped:</td><td>5/1/0</td>
</tr><tr>
<td>Started on:</td><td>Fri Jul 19 19:23:56 IST 2024</td>
</tr>
<tr><td>Total time:</td><td>40 seconds (40046 ms)</td>
</tr><tr>
<td>Included groups:</td><td></td>
</tr><tr>
<td>Excluded groups:</td><td></td>
</tr>
</table><p/>
<small><i>(Hover the method name to see the test class name)</i></small><p/>
<table width='100%' border='1' class='invocation-failed'>
<tr><td colspan='4' align='center'><b>FAILED TESTS</b></td></tr>
<tr><td><b>Test method</b></td>
<td><b>Attribute(s)</b></td>
<td width="30%"><b>Exception</b></td>
<td width="10%"><b>Time (seconds)</b></td>
<td><b>Instance</b></td>
</tr>
<tr>
<td title='airbnb_testing.Airbnb_Test.closingDialogBox()'><b>closingDialogBox</b><br>Test class: airbnb_testing.Airbnb_Test</td>
<td><div><pre>org.openqa.selenium.TimeoutException: Expected condition failed: waiting for visibility of element located by By.xpath: //div[@class=&apos;p1psejvv atm_9s_1bgihbq dir dir-ltr&apos;]/div/div/button[@class=&apos;l1ovpqvx atm_1he2i46_1k8pnbi_10saat9 atm_yxpdqi_1pv6nv4_10saat9 atm_1a0hdzc_w1h1e8_10saat9 atm_2bu6ew_929bqk_10saat9 atm_12oyo1u_73u7pn_10saat9 atm_fiaz40_1etamxe_10saat9 c1h5tsj6 atm_1s_glywfm atm_5j_1ssbidh atm_9j_tlke0l atm_tl_1gw4zv3 atm_9s_1o8liyq atm_mk_h2mmj6 atm_l8_idpfg4 atm_gi_idpfg4 atm_3f_glywfm atm_26_1j28jx2 atm_7l_hkljqm atm_uc_10d7vwn atm_kd_glywfm atm_kd_glywfm_1w3cfyq atm_3f_glywfm_e4a3ld atm_l8_idpfg4_e4a3ld atm_gi_idpfg4_e4a3ld atm_3f_glywfm_1r4qscq atm_kd_glywfm_6y7yyg atm_kd_glywfm_pfnrn2_1oszvuo atm_l8_idpfg4_1icshfk_1oszvuo atm_gi_idpfg4_1icshfk_1oszvuo atm_3f_glywfm_b5gff8_1oszvuo atm_kd_glywfm_2by9w9_1oszvuo atm_k4_1piyxwk_1o5j5ji atm_9j_13gfvf7_1o5j5ji atm_uc_glywfm__1rrf6b5 atm_7l_wbi19n_1nos8r_uv4tnr atm_26_zbnr2t_1rqz0hn_uv4tnr atm_7l_1wxwdr3_4fughm_uv4tnr atm_26_1j28jx2_1r92pmq_uv4tnr atm_7l_wbi19n_csw3t1 atm_tr_ffmgpj_csw3t1 atm_26_zbnr2t_1ul2smo atm_3f_glywfm_jo46a5 atm_l8_idpfg4_jo46a5 atm_gi_idpfg4_jo46a5 atm_3f_glywfm_1icshfk atm_kd_glywfm_19774hq atm_uc_aaiy6o_1w3cfyq atm_70_glywfm_1w3cfyq atm_uc_glywfm_1w3cfyq_1rrf6b5 atm_70_1e7pbig_9xuho3 atm_26_zbnr2t_9xuho3 atm_uc_aaiy6o_pfnrn2_1oszvuo atm_70_glywfm_pfnrn2_1oszvuo atm_uc_glywfm_pfnrn2_1o31aam atm_70_1e7pbig_1buez3b_1oszvuo atm_26_zbnr2t_1buez3b_1oszvuo atm_7l_1wxwdr3_1o5j5ji atm_26_1j28jx2_154oz7f atm_92_1yyfdc7_vmtskl atm_9s_1ulexfb_vmtskl atm_mk_stnw88_vmtskl atm_tk_1ssbidh_vmtskl atm_fq_1ssbidh_vmtskl atm_tr_pryxvc_vmtskl atm_5j_1ssbidh_vmtskl atm_vy_1vi7ecw_vmtskl atm_e2_1vi7ecw_vmtskl dir dir-ltr&apos;] (tried for 10 second(s) with 500 milliseconds interval)
Build info: version: &apos;4.11.0&apos;, revision: &apos;040bc5406b&apos;
System info: os.name: &apos;Windows 11&apos;, os.arch: &apos;amd64&apos;, os.version: &apos;10.0&apos;, java.version: &apos;17.0.7&apos;
Driver info: org.openqa.selenium.chrome.ChromeDriver
Capabilities {acceptInsecureCerts: false, browserName: chrome, browserVersion: 126.0.6478.128, chrome: {chromedriverVersion: 125.0.6422.141 (4b1e8393712..., userDataDir: C:\Users\abhin\AppData\Loca...}, fedcm:accounts: true, goog:chromeOptions: {debuggerAddress: localhost:56547}, networkConnectionEnabled: false, pageLoadStrategy: normal, platformName: windows, proxy: Proxy(), se:cdp: ws://localhost:56547/devtoo..., se:cdpVersion: 126.0.6478.128, setWindowRect: true, strictFileInteractability: false, timeouts: {implicit: 0, pageLoad: 300000, script: 30000}, unhandledPromptBehavior: dismiss and notify, webauthn:extension:credBlob: true, webauthn:extension:largeBlob: true, webauthn:extension:minPinLength: true, webauthn:extension:prf: true, webauthn:virtualAuthenticators: true}
Session ID: e093ff300bc5e913a08d344d766ef9b3
	at org.openqa.selenium.support.ui.WebDriverWait.timeoutException(WebDriverWait.java:84)
	at org.openqa.selenium.support.ui.FluentWait.until(FluentWait.java:230)
	at airbnb_testing.Airbnb_Test.closingDialogBox(Airbnb_Test.java:157)
	at java.base/jdk.internal.reflect.NativeMethodAccessorImpl.invoke0(Native Method)
	at java.base/jdk.internal.reflect.NativeMethodAccessorImpl.invoke(NativeMethodAccessorImpl.java:77)
	at java.base/jdk.internal.reflect.DelegatingMethodAccessorImpl.invoke(DelegatingMethodAccessorImpl.java:43)
	at java.base/java.lang.reflect.Method.invoke(Method.java:568)
	at org.testng.internal.invokers.MethodInvocationHelper.invokeMethod(MethodInvocationHelper.java:141)
	at org.testng.internal.invokers.TestInvoker.invokeMethod(TestInvoker.java:686)
	at org.testng.internal.invokers.TestInvoker.invokeTestMethod(TestInvoker.java:230)
	at org.testng.internal.invokers.MethodRunner.runInSequence(MethodRunner.java:63)
	at org.testng.internal.invokers.TestInvoker$MethodInvocationAgent.invoke(TestInvoker.java:992)
	at org.testng.internal.invokers.TestInvoker.invokeTestMethods(TestInvoker.java:203)
	at org.testng.internal.invokers.TestMethodWorker.invokeTestMethods(TestMethodWorker.java:154)
	at org.testng.internal.invokers.TestMethodWorker.run(TestMethodWorker.java:134)
	at java.base/java.util.ArrayList.forEach(ArrayList.java:1511)
	at org.testng.TestRunner.privateRun(TestRunner.java:739)
	at org.testng.TestRunner.run(TestRunner.java:614)
	at org.testng.SuiteRunner.runTest(SuiteRunner.java:421)
	at org.testng.SuiteRunner.runSequentially(SuiteRunner.java:413)
	at org.testng.SuiteRunner.privateRun(SuiteRunner.java:373)
	at org.testng.SuiteRunner.run(SuiteRunner.java:312)
	at org.testng.SuiteRunnerWorker.runSuite(SuiteRunnerWorker.java:52)
	at org.testng.SuiteRunnerWorker.run(SuiteRunnerWorker.java:95)
	at org.testng.TestNG.runSuitesSequentially(TestNG.java:1274)
	at org.testng.TestNG.runSuitesLocally(TestNG.java:1208)
	at org.testng.TestNG.runSuites(TestNG.java:1112)
	at org.testng.TestNG.run(TestNG.java:1079)
	at org.testng.remote.AbstractRemoteTestNG.run(AbstractRemoteTestNG.java:115)
	at org.testng.remote.RemoteTestNG.initAndRun(RemoteTestNG.java:293)
	at org.testng.remote.RemoteTestNG.main(RemoteTestNG.java:91)
</pre></div><a href='#' onClick='toggleBox("stack-trace1594981181", this, "Click to show all stack frames", "Click to hide stack frames")'>Click to show all stack frames</a>
<div class='stack-trace' id='stack-trace1594981181'><pre>org.openqa.selenium.TimeoutException: Expected condition failed: waiting for visibility of element located by By.xpath: //div[@class=&apos;p1psejvv atm_9s_1bgihbq dir dir-ltr&apos;]/div/div/button[@class=&apos;l1ovpqvx atm_1he2i46_1k8pnbi_10saat9 atm_yxpdqi_1pv6nv4_10saat9 atm_1a0hdzc_w1h1e8_10saat9 atm_2bu6ew_929bqk_10saat9 atm_12oyo1u_73u7pn_10saat9 atm_fiaz40_1etamxe_10saat9 c1h5tsj6 atm_1s_glywfm atm_5j_1ssbidh atm_9j_tlke0l atm_tl_1gw4zv3 atm_9s_1o8liyq atm_mk_h2mmj6 atm_l8_idpfg4 atm_gi_idpfg4 atm_3f_glywfm atm_26_1j28jx2 atm_7l_hkljqm atm_uc_10d7vwn atm_kd_glywfm atm_kd_glywfm_1w3cfyq atm_3f_glywfm_e4a3ld atm_l8_idpfg4_e4a3ld atm_gi_idpfg4_e4a3ld atm_3f_glywfm_1r4qscq atm_kd_glywfm_6y7yyg atm_kd_glywfm_pfnrn2_1oszvuo atm_l8_idpfg4_1icshfk_1oszvuo atm_gi_idpfg4_1icshfk_1oszvuo atm_3f_glywfm_b5gff8_1oszvuo atm_kd_glywfm_2by9w9_1oszvuo atm_k4_1piyxwk_1o5j5ji atm_9j_13gfvf7_1o5j5ji atm_uc_glywfm__1rrf6b5 atm_7l_wbi19n_1nos8r_uv4tnr atm_26_zbnr2t_1rqz0hn_uv4tnr atm_7l_1wxwdr3_4fughm_uv4tnr atm_26_1j28jx2_1r92pmq_uv4tnr atm_7l_wbi19n_csw3t1 atm_tr_ffmgpj_csw3t1 atm_26_zbnr2t_1ul2smo atm_3f_glywfm_jo46a5 atm_l8_idpfg4_jo46a5 atm_gi_idpfg4_jo46a5 atm_3f_glywfm_1icshfk atm_kd_glywfm_19774hq atm_uc_aaiy6o_1w3cfyq atm_70_glywfm_1w3cfyq atm_uc_glywfm_1w3cfyq_1rrf6b5 atm_70_1e7pbig_9xuho3 atm_26_zbnr2t_9xuho3 atm_uc_aaiy6o_pfnrn2_1oszvuo atm_70_glywfm_pfnrn2_1oszvuo atm_uc_glywfm_pfnrn2_1o31aam atm_70_1e7pbig_1buez3b_1oszvuo atm_26_zbnr2t_1buez3b_1oszvuo atm_7l_1wxwdr3_1o5j5ji atm_26_1j28jx2_154oz7f atm_92_1yyfdc7_vmtskl atm_9s_1ulexfb_vmtskl atm_mk_stnw88_vmtskl atm_tk_1ssbidh_vmtskl atm_fq_1ssbidh_vmtskl atm_tr_pryxvc_vmtskl atm_5j_1ssbidh_vmtskl atm_vy_1vi7ecw_vmtskl atm_e2_1vi7ecw_vmtskl dir dir-ltr&apos;] (tried for 10 second(s) with 500 milliseconds interval)
Build info: version: &apos;4.11.0&apos;, revision: &apos;040bc5406b&apos;
System info: os.name: &apos;Windows 11&apos;, os.arch: &apos;amd64&apos;, os.version: &apos;10.0&apos;, java.version: &apos;17.0.7&apos;
Driver info: org.openqa.selenium.chrome.ChromeDriver
Capabilities {acceptInsecureCerts: false, browserName: chrome, browserVersion: 126.0.6478.128, chrome: {chromedriverVersion: 125.0.6422.141 (4b1e8393712..., userDataDir: C:\Users\abhin\AppData\Loca...}, fedcm:accounts: true, goog:chromeOptions: {debuggerAddress: localhost:56547}, networkConnectionEnabled: false, pageLoadStrategy: normal, platformName: windows, proxy: Proxy(), se:cdp: ws://localhost:56547/devtoo..., se:cdpVersion: 126.0.6478.128, setWindowRect: true, strictFileInteractability: false, timeouts: {implicit: 0, pageLoad: 300000, script: 30000}, unhandledPromptBehavior: dismiss and notify, webauthn:extension:credBlob: true, webauthn:extension:largeBlob: true, webauthn:extension:minPinLength: true, webauthn:extension:prf: true, webauthn:virtualAuthenticators: true}
Session ID: e093ff300bc5e913a08d344d766ef9b3
	at org.openqa.selenium.support.ui.WebDriverWait.timeoutException(WebDriverWait.java:84)
	at org.openqa.selenium.support.ui.FluentWait.until(FluentWait.java:230)
	at airbnb_testing.Airbnb_Test.closingDialogBox(Airbnb_Test.java:157)
	at java.base/jdk.internal.reflect.NativeMethodAccessorImpl.invoke0(Native Method)
	at java.base/jdk.internal.reflect.NativeMethodAccessorImpl.invoke(NativeMethodAccessorImpl.java:77)
	at java.base/jdk.internal.reflect.DelegatingMethodAccessorImpl.invoke(DelegatingMethodAccessorImpl.java:43)
	at java.base/java.lang.reflect.Method.invoke(Method.java:568)
	at org.testng.internal.invokers.MethodInvocationHelper.invokeMethod(MethodInvocationHelper.java:141)
	at org.testng.internal.invokers.TestInvoker.invokeMethod(TestInvoker.java:686)
	at org.testng.internal.invokers.TestInvoker.invokeTestMethod(TestInvoker.java:230)
	at org.testng.internal.invokers.MethodRunner.runInSequence(MethodRunner.java:63)
	at org.testng.internal.invokers.TestInvoker$MethodInvocationAgent.invoke(TestInvoker.java:992)
	at org.testng.internal.invokers.TestInvoker.invokeTestMethods(TestInvoker.java:203)
	at org.testng.internal.invokers.TestMethodWorker.invokeTestMethods(TestMethodWorker.java:154)
	at org.testng.internal.invokers.TestMethodWorker.run(TestMethodWorker.java:134)
	at java.base/java.util.ArrayList.forEach(ArrayList.java:1511)
	at org.testng.TestRunner.privateRun(TestRunner.java:739)
	at org.testng.TestRunner.run(TestRunner.java:614)
	at org.testng.SuiteRunner.runTest(SuiteRunner.java:421)
	at org.testng.SuiteRunner.runSequentially(SuiteRunner.java:413)
	at org.testng.SuiteRunner.privateRun(SuiteRunner.java:373)
	at org.testng.SuiteRunner.run(SuiteRunner.java:312)
	at org.testng.SuiteRunnerWorker.runSuite(SuiteRunnerWorker.java:52)
	at org.testng.SuiteRunnerWorker.run(SuiteRunnerWorker.java:95)
	at org.testng.TestNG.runSuitesSequentially(TestNG.java:1274)
	at org.testng.TestNG.runSuitesLocally(TestNG.java:1208)
	at org.testng.TestNG.runSuites(TestNG.java:1112)
	at org.testng.TestNG.run(TestNG.java:1079)
	at org.testng.remote.AbstractRemoteTestNG.run(AbstractRemoteTestNG.java:115)
	at org.testng.remote.RemoteTestNG.initAndRun(RemoteTestNG.java:293)
	at org.testng.remote.RemoteTestNG.main(RemoteTestNG.java:91)
</pre></div></td>
<td>10</td>
<td>airbnb_testing.Airbnb_Test@273444fe</td></tr>
</table><p>
<table width='100%' border='1' class='invocation-passed'>
<tr><td colspan='4' align='center'><b>PASSED TESTS</b></td></tr>
<tr><td><b>Test method</b></td>
<td><b>Attribute(s)</b></td>
<td width="30%"><b>Exception</b></td>
<td width="10%"><b>Time (seconds)</b></td>
<td><b>Instance</b></td>
</tr>
<tr>
<td title='airbnb_testing.Airbnb_Test.invokeBrowser()'><b>invokeBrowser</b><br>Test class: airbnb_testing.Airbnb_Test</td>
<td></td>
<td>7</td>
<td>airbnb_testing.Airbnb_Test@273444fe</td></tr>
<tr>
<td title='airbnb_testing.Airbnb_Test.setLocation()'><b>setLocation</b><br>Test class: airbnb_testing.Airbnb_Test</td>
<td></td>
<td>2</td>
<td>airbnb_testing.Airbnb_Test@273444fe</td></tr>
<tr>
<td title='airbnb_testing.Airbnb_Test.applyingFilter()'><b>applyingFilter</b><br>Test class: airbnb_testing.Airbnb_Test</td>
<td></td>
<td>1</td>
<td>airbnb_testing.Airbnb_Test@273444fe</td></tr>
<tr>
<td title='airbnb_testing.Airbnb_Test.bookingFirstHotel()'><b>bookingFirstHotel</b><br>Test class: airbnb_testing.Airbnb_Test</td>
<td></td>
<td>1</td>
<td>airbnb_testing.Airbnb_Test@273444fe</td></tr>
<tr>
<td title='airbnb_testing.Airbnb_Test.changeLanguage()'><b>changeLanguage</b><br>Test class: airbnb_testing.Airbnb_Test</td>
<td></td>
<td>14</td>
<td>airbnb_testing.Airbnb_Test@273444fe</td></tr>
</table><p>
</body>
</html>